2018-05-03T13:48:00+00:00 CRITICAL SOAP-ERROR: Parsing WSDL: Couldn't load from 'https://apps.correios.com.br/SigepMasterJPA/AtendeClienteService/AtendeCliente?wsdl' : failed to load external entity "https://apps.correios.com.br/SigepMasterJPA/AtendeClienteService/AtendeCliente?wsdl"


2018-05-03T13:48:15+00:00 CRITICAL SOAP-ERROR: Parsing WSDL: Couldn't load from 'https://apps.correios.com.br/SigepMasterJPA/AtendeClienteService/AtendeCliente?wsdl' : failed to load external entity "https://apps.correios.com.br/SigepMasterJPA/AtendeClienteService/AtendeCliente?wsdl"


2018-05-03T13:48:22+00:00 CRITICAL SOAP-ERROR: Parsing WSDL: Couldn't load from 'https://apps.correios.com.br/SigepMasterJPA/AtendeClienteService/AtendeCliente?wsdl' : failed to load external entity "https://apps.correios.com.br/SigepMasterJPA/AtendeClienteService/AtendeCliente?wsdl"


2018-05-03T13:48:34+00:00 CRITICAL SOAP-ERROR: Parsing WSDL: Couldn't load from 'https://apps.correios.com.br/SigepMasterJPA/AtendeClienteService/AtendeCliente?wsdl' : failed to load external entity "https://apps.correios.com.br/SigepMasterJPA/AtendeClienteService/AtendeCliente?wsdl"


2018-05-03T13:51:22+00:00 CRITICAL SOAP-ERROR: Parsing WSDL: Couldn't load from 'https://apps.correios.com.br/SigepMasterJPA/AtendeClienteService/AtendeCliente?wsdl' : failed to load external entity "https://apps.correios.com.br/SigepMasterJPA/AtendeClienteService/AtendeCliente?wsdl"


2018-05-03T13:53:06+00:00 CRITICAL SOAP-ERROR: Parsing WSDL: Couldn't load from 'https://apps.correios.com.br/SigepMasterJPA/AtendeClienteService/AtendeCliente?wsdl' : failed to load external entity "https://apps.correios.com.br/SigepMasterJPA/AtendeClienteService/AtendeCliente?wsdl"


2018-05-03T13:53:26+00:00 CRITICAL SOAP-ERROR: Parsing WSDL: Couldn't load from 'https://apps.correios.com.br/SigepMasterJPA/AtendeClienteService/AtendeCliente?wsdl' : failed to load external entity "https://apps.correios.com.br/SigepMasterJPA/AtendeClienteService/AtendeCliente?wsdl"


2018-05-03T13:53:40+00:00 CRITICAL SOAP-ERROR: Parsing WSDL: Couldn't load from 'https://apps.correios.com.br/SigepMasterJPA/AtendeClienteService/AtendeCliente?wsdl' : failed to load external entity "https://apps.correios.com.br/SigepMasterJPA/AtendeClienteService/AtendeCliente?wsdl"


2018-05-03T13:53:46+00:00 CRITICAL SOAP-ERROR: Parsing WSDL: Couldn't load from 'https://apps.correios.com.br/SigepMasterJPA/AtendeClienteService/AtendeCliente?wsdl' : failed to load external entity "https://apps.correios.com.br/SigepMasterJPA/AtendeClienteService/AtendeCliente?wsdl"


2018-05-03T13:53:50+00:00 CRITICAL SOAP-ERROR: Parsing WSDL: Couldn't load from 'https://apps.correios.com.br/SigepMasterJPA/AtendeClienteService/AtendeCliente?wsdl' : failed to load external entity "https://apps.correios.com.br/SigepMasterJPA/AtendeClienteService/AtendeCliente?wsdl"


2018-05-03T13:54:29+00:00 CRITICAL SOAP-ERROR: Parsing WSDL: Couldn't load from 'https://apps.correios.com.br/SigepMasterJPA/AtendeClienteService/AtendeCliente?wsdl' : failed to load external entity "https://apps.correios.com.br/SigepMasterJPA/AtendeClienteService/AtendeCliente?wsdl"


2018-05-03T13:54:41+00:00 CRITICAL SOAP-ERROR: Parsing WSDL: Couldn't load from 'https://apps.correios.com.br/SigepMasterJPA/AtendeClienteService/AtendeCliente?wsdl' : failed to load external entity "https://apps.correios.com.br/SigepMasterJPA/AtendeClienteService/AtendeCliente?wsdl"


2018-05-03T13:54:46+00:00 CRITICAL SOAP-ERROR: Parsing WSDL: Couldn't load from 'https://apps.correios.com.br/SigepMasterJPA/AtendeClienteService/AtendeCliente?wsdl' : failed to load external entity "https://apps.correios.com.br/SigepMasterJPA/AtendeClienteService/AtendeCliente?wsdl"


2018-05-03T13:54:56+00:00 CRITICAL SOAP-ERROR: Parsing WSDL: Couldn't load from 'https://apps.correios.com.br/SigepMasterJPA/AtendeClienteService/AtendeCliente?wsdl' : failed to load external entity "https://apps.correios.com.br/SigepMasterJPA/AtendeClienteService/AtendeCliente?wsdl"


2018-05-03T14:26:28+00:00 CRITICAL SOAP-ERROR: Parsing WSDL: Couldn't load from 'https://apps.correios.com.br/SigepMasterJPA/AtendeClienteService/AtendeCliente?wsdl' : failed to load external entity "https://apps.correios.com.br/SigepMasterJPA/AtendeClienteService/AtendeCliente?wsdl"


2018-05-03T14:28:53+00:00 CRITICAL SOAP-ERROR: Parsing WSDL: Couldn't load from 'https://apps.correios.com.br/SigepMasterJPA/AtendeClienteService/AtendeCliente?wsdl' : failed to load external entity "https://apps.correios.com.br/SigepMasterJPA/AtendeClienteService/AtendeCliente?wsdl"


2018-05-03T14:29:24+00:00 CRITICAL SOAP-ERROR: Parsing WSDL: Couldn't load from 'https://apps.correios.com.br/SigepMasterJPA/AtendeClienteService/AtendeCliente?wsdl' : failed to load external entity "https://apps.correios.com.br/SigepMasterJPA/AtendeClienteService/AtendeCliente?wsdl"


2018-05-03T14:29:42+00:00 CRITICAL SOAP-ERROR: Parsing WSDL: Couldn't load from 'https://apps.correios.com.br/SigepMasterJPA/AtendeClienteService/AtendeCliente?wsdl' : failed to load external entity "https://apps.correios.com.br/SigepMasterJPA/AtendeClienteService/AtendeCliente?wsdl"


2018-05-03T14:33:03+00:00 CRITICAL SOAP-ERROR: Parsing WSDL: Couldn't load from 'https://apps.correios.com.br/SigepMasterJPA/AtendeClienteService/AtendeCliente?wsdl' : failed to load external entity "https://apps.correios.com.br/SigepMasterJPA/AtendeClienteService/AtendeCliente?wsdl"


2018-05-03T14:33:16+00:00 CRITICAL SOAP-ERROR: Parsing WSDL: Couldn't load from 'https://apps.correios.com.br/SigepMasterJPA/AtendeClienteService/AtendeCliente?wsdl' : failed to load external entity "https://apps.correios.com.br/SigepMasterJPA/AtendeClienteService/AtendeCliente?wsdl"


2018-05-03T14:33:20+00:00 CRITICAL SOAP-ERROR: Parsing WSDL: Couldn't load from 'https://apps.correios.com.br/SigepMasterJPA/AtendeClienteService/AtendeCliente?wsdl' : failed to load external entity "https://apps.correios.com.br/SigepMasterJPA/AtendeClienteService/AtendeCliente?wsdl"


2018-05-03T14:33:44+00:00 CRITICAL SOAP-ERROR: Parsing WSDL: Couldn't load from 'https://apps.correios.com.br/SigepMasterJPA/AtendeClienteService/AtendeCliente?wsdl' : failed to load external entity "https://apps.correios.com.br/SigepMasterJPA/AtendeClienteService/AtendeCliente?wsdl"


2018-05-03T14:33:54+00:00 CRITICAL SOAP-ERROR: Parsing WSDL: Couldn't load from 'https://apps.correios.com.br/SigepMasterJPA/AtendeClienteService/AtendeCliente?wsdl' : failed to load external entity "https://apps.correios.com.br/SigepMasterJPA/AtendeClienteService/AtendeCliente?wsdl"


2018-05-03T14:33:58+00:00 CRITICAL SOAP-ERROR: Parsing WSDL: Couldn't load from 'https://apps.correios.com.br/SigepMasterJPA/AtendeClienteService/AtendeCliente?wsdl' : failed to load external entity "https://apps.correios.com.br/SigepMasterJPA/AtendeClienteService/AtendeCliente?wsdl"


2018-05-03T14:34:09+00:00 CRITICAL SOAP-ERROR: Parsing WSDL: Couldn't load from 'https://apps.correios.com.br/SigepMasterJPA/AtendeClienteService/AtendeCliente?wsdl' : failed to load external entity "https://apps.correios.com.br/SigepMasterJPA/AtendeClienteService/AtendeCliente?wsdl"


2018-05-04T16:56:28+00:00 CRITICAL Uncaught Error: Using $this when not in object context in /app/public/wp-content/plugins/entrega-pagamento/custom_payment_entrega.php:182
Stack trace:
#0 /app/public/wp-includes/class-wp-hook.php(286): process_custom_payment('')
#1 /app/public/wp-includes/class-wp-hook.php(310): WP_Hook->apply_filters('', Array)
#2 /app/public/wp-includes/plugin.php(453): WP_Hook->do_action(Array)
#3 /app/public/wp-content/plugins/woocommerce/includes/class-wc-checkout.php(959): do_action('woocommerce_che...')
#4 /app/public/wp-content/plugins/woocommerce/includes/class-wc-ajax.php(419): WC_Checkout->process_checkout()
#5 /app/public/wp-includes/class-wp-hook.php(286): WC_AJAX::checkout('')
#6 /app/public/wp-includes/class-wp-hook.php(310): WP_Hook->apply_filters('', Array)
#7 /app/public/wp-includes/plugin.php(453): WP_Hook->do_action(Array)
#8 /app/public/wp-content/plugins/woocommerce/includes/class-wc-ajax.php(78): do_action('wc_ajax_checkou...')
#9 /app/public/wp-includes/class-wp-hook.php(286): WC_AJAX::do_wc_ajax('')
#

